
Showing logs for build [32mnxmatic-jxlabs-nos-helmboot-res-cgbc6-12[0m stage [32mfrom-build-pack[0m and container [32mstep-credential-initializer-t47fn[0m
{"level":"info","ts":1588410617.575725,"logger":"fallback-logger","caller":"logging/config.go:69","msg":"Fetch GitHub commit ID from kodata failed: open /var/run/ko/refs/heads/0.8.0-ns-support: no such file or directory"}
{"level":"info","ts":1588410617.5769498,"logger":"fallback-logger","caller":"creds-init/main.go:40","msg":"Credentials initialized."}

Showing logs for build [32mnxmatic-jxlabs-nos-helmboot-res-cgbc6-12[0m stage [32mfrom-build-pack[0m and container [32mstep-working-dir-initializer-66tpp[0m
{"level":"info","ts":1588410617.9213107,"logger":"fallback-logger","caller":"logging/config.go:69","msg":"Fetch GitHub commit ID from kodata failed: open /var/run/ko/HEAD: no such file or directory"}
{"level":"info","ts":1588410617.9224114,"logger":"fallback-logger","caller":"bash/main.go:64","msg":"Successfully executed command \"sh -c mkdir -p /workspace/source\"; output "}

Showing logs for build [32mnxmatic-jxlabs-nos-helmboot-res-cgbc6-12[0m stage [32mfrom-build-pack[0m and container [32mstep-place-tools[0m

Showing logs for build [32mnxmatic-jxlabs-nos-helmboot-res-cgbc6-12[0m stage [32mfrom-build-pack[0m and container [32mstep-git-source-nxmatic-jxlabs-nos-helmboot-res-cgbc6-tcsvs[0m
{"level":"info","ts":1588410647.1865306,"logger":"fallback-logger","caller":"logging/config.go:69","msg":"Fetch GitHub commit ID from kodata failed: open /var/run/ko/refs/heads/0.8.0-ns-support: no such file or directory"}
{"level":"info","ts":1588410647.6342263,"logger":"fallback-logger","caller":"git/git.go:103","msg":"Successfully cloned https://github.com/*******/**labs-nos-helmboot-resources.git @ v0.0.169 in path /workspace/source"}

Showing logs for build [32mnxmatic-jxlabs-nos-helmboot-res-cgbc6-12[0m stage [32mfrom-build-pack[0m and container [32mstep-git-merge[0m
Using SHAs from PULL_REFS=master:ac75e0b15a71a8a8c095be4a81809a38324440a9
WARNING: no SHAs to merge, falling back to initial cloned commit

Showing logs for build [32mnxmatic-jxlabs-nos-helmboot-res-cgbc6-12[0m stage [32mfrom-build-pack[0m and container [32mstep-setup-jx-git-credentials[0m
Generated Git credentials file /builder/home/git/credentials

Showing logs for build [32mnxmatic-jxlabs-nos-helmboot-res-cgbc6-12[0m stage [32mfrom-build-pack[0m and container [32mstep-build-basic-auth-username[0m
Command "credential" is deprecated, it will be removed on Jun 1 2020.  This is replaced by Tekton's mounted secrets
/builder/home/basic-auth-user.json

Showing logs for build [32mnxmatic-jxlabs-nos-helmboot-res-cgbc6-12[0m stage [32mfrom-build-pack[0m and container [32mstep-build-basic-auth-password[0m
Command "credential" is deprecated, it will be removed on Jun 1 2020.  This is replaced by Tekton's mounted secrets
/builder/home/basic-auth-pass.json

Showing logs for build [32mnxmatic-jxlabs-nos-helmboot-res-cgbc6-12[0m stage [32mfrom-build-pack[0m and container [32mstep-build-release[0m
rm -fr .bin .cr-*
helm init --client-only
Creating /workspace/source/.helm 
Creating /workspace/source/.helm/repository 
Creating /workspace/source/.helm/repository/cache 
Creating /workspace/source/.helm/repository/local 
Creating /workspace/source/.helm/plugins 
Creating /workspace/source/.helm/starters 
Creating /workspace/source/.helm/cache/archive 
Creating /workspace/source/.helm/repository/repositories.yaml 
Adding stable repo with URL: https://kubernetes-charts.storage.googleapis.com 
Adding local repo with URL: http://127.0.0.1:8879/charts 
$HELM_HOME has been configured at /workspace/source/.helm.
Not installing Tiller due to 'client-only' flag having been set
helm repo add jenkinsxio http://chartmuseum.jenkins-x.io
"jenkinsxio" has been added to your repositories
helm dependency build **labs-nos-helmboot-resources
Error: could not find **labs-nos-helmboot-resources: stat **labs-nos-helmboot-resources: no such file or directory
make: *** [build-nosetup] Error 1
[31m
Pipeline failed on stage 'from-build-pack' : container 'step-build-release'. The execution of the pipeline has stopped.[0m
