
Showing logs for build [32mnuxeo-jxlabs-nos-helmboot-resou-wx9sm-10[0m stage [32mfrom-build-pack[0m and container [32mstep-credential-initializer-gfcp4[0m
{"level":"info","ts":1590086643.6284542,"logger":"fallback-logger","caller":"logging/config.go:69","msg":"Fetch GitHub commit ID from kodata failed: open /var/run/ko/refs/heads/0.8.0-ns-support: no such file or directory"}
{"level":"info","ts":1590086643.6291058,"logger":"fallback-logger","caller":"creds-init/main.go:40","msg":"Credentials initialized."}

Showing logs for build [32mnuxeo-jxlabs-nos-helmboot-resou-wx9sm-10[0m stage [32mfrom-build-pack[0m and container [32mstep-working-dir-initializer-7s46s[0m
{"level":"info","ts":1590086644.2609143,"logger":"fallback-logger","caller":"logging/config.go:69","msg":"Fetch GitHub commit ID from kodata failed: open /var/run/ko/HEAD: no such file or directory"}
{"level":"info","ts":1590086644.262866,"logger":"fallback-logger","caller":"bash/main.go:64","msg":"Successfully executed command \"sh -c mkdir -p /workspace/source\"; output "}

Showing logs for build [32mnuxeo-jxlabs-nos-helmboot-resou-wx9sm-10[0m stage [32mfrom-build-pack[0m and container [32mstep-place-tools[0m

Showing logs for build [32mnuxeo-jxlabs-nos-helmboot-resou-wx9sm-10[0m stage [32mfrom-build-pack[0m and container [32mstep-git-source-nuxeo-jxlabs-nos-helmboot-resou-wx9sm-qkm9p[0m
{"level":"info","ts":1590086649.363829,"logger":"fallback-logger","caller":"logging/config.go:69","msg":"Fetch GitHub commit ID from kodata failed: open /var/run/ko/refs/heads/0.8.0-ns-support: no such file or directory"}
{"level":"info","ts":1590086649.7792659,"logger":"fallback-logger","caller":"git/git.go:103","msg":"Successfully cloned https://github.com/nuxeo/**labs-nos-helmboot-resources.git @ v0.0.181-**labs-nos in path /workspace/source"}

Showing logs for build [32mnuxeo-jxlabs-nos-helmboot-resou-wx9sm-10[0m stage [32mfrom-build-pack[0m and container [32mstep-git-merge[0m
Using SHAs from PULL_REFS=master:7be5550c526a53c9a486135249eddbcc5a6dec86
WARNING: no SHAs to merge, falling back to initial cloned commit

Showing logs for build [32mnuxeo-jxlabs-nos-helmboot-resou-wx9sm-10[0m stage [32mfrom-build-pack[0m and container [32mstep-setup-jx-git-credentials[0m
Generated Git credentials file /builder/home/git/credentials

Showing logs for build [32mnuxeo-jxlabs-nos-helmboot-resou-wx9sm-10[0m stage [32mfrom-build-pack[0m and container [32mstep-build-basic-auth-username[0m
Command "credential" is deprecated, it will be removed on Jun 1 2020.  This is replaced by Tekton's mounted secrets
/builder/home/basic-auth-user.json

Showing logs for build [32mnuxeo-jxlabs-nos-helmboot-resou-wx9sm-10[0m stage [32mfrom-build-pack[0m and container [32mstep-build-basic-auth-password[0m
Command "credential" is deprecated, it will be removed on Jun 1 2020.  This is replaced by Tekton's mounted secrets
/builder/home/basic-auth-pass.json

Showing logs for build [32mnuxeo-jxlabs-nos-helmboot-resou-wx9sm-10[0m stage [32mfrom-build-pack[0m and container [32mstep-build-release[0m
make: Entering directory `/workspace/source/charts/**labs-nos-helmboot-resources'
helm init --client-only
Creating /builder/home/.helm 
Creating /builder/home/.helm/repository 
Creating /builder/home/.helm/repository/cache 
Creating /builder/home/.helm/repository/local 
Creating /builder/home/.helm/plugins 
Creating /builder/home/.helm/starters 
Creating /builder/home/.helm/cache/archive 
Creating /builder/home/.helm/repository/repositories.yaml 
Adding stable repo with URL: https://kubernetes-charts.storage.googleapis.com 
Adding local repo with URL: http://127.0.0.1:8879/charts 
$HELM_HOME has been configured at /builder/home/.helm.
Not installing Tiller due to 'client-only' flag having been set
Happy Helming!
test ! -f /builder/home/.helm/plugins/helm-gcs.git && helm plugin install https://github.com/viglesiasce/helm-gcs.git --version v0.2.0
Installed plugin: gcs
helm repo add jenkinsxio http://chartmuseum.jenkins-x.io
"jenkinsxio" has been added to your repositories
rm -rf charts
rm -rf **labs-nos-helmboot-resources*.tgz
sed -i -e "s/version:.*/version: 0.0.181-**labs-nos/" Chart.yaml
helm dependency build
Hang tight while we grab the latest from your chart repositories...
...Unable to get an update from the "local" chart repository (http://127.0.0.1:8879/charts):
	Get http://127.0.0.1:8879/charts/index.yaml: dial tcp 127.0.0.1:8879: connect: connection refused
...Successfully got an update from the "stable" chart repository
...Successfully got an update from the "jenkinsxio" chart repository
Update Complete. ⎈Happy Helming!⎈
Saving 5 charts
Downloading ** from repo http://chartmuseum.jenkins-x.io
Downloading ** from repo http://chartmuseum.jenkins-x.io
Downloading ** from repo http://chartmuseum.jenkins-x.io
Downloading ** from repo http://chartmuseum.jenkins-x.io
Downloading ** from repo http://chartmuseum.jenkins-x.io
Deleting outdated charts
helm lint
==> Linting .
Lint OK

1 chart(s) linted, no failures
helm package .
Successfully packaged chart and saved it to: /workspace/source/charts/**labs-nos-helmboot-resources/**labs-nos-helmboot-resources-0.0.181-**labs-nos.tgz
helm gcs push **labs-nos-helmboot-resources*.tgz gs://**labs-nos-charts
Copying file:///tmp/tmp.5jvnLPU1rK/repo/index.yaml [Content-Type=application/octet-stream]...
/ [0 files][    0.0 B/  4.4 KiB]                                                / [1 files][  4.4 KiB/  4.4 KiB]                                                
Operation completed over 1 objects/4.4 KiB.                                      
Copying file:///tmp/tmp.5jvnLPU1rK/repo/**labs-nos-helmboot-resources-0.0.181-**labs-nos.tgz [Content-Type=application/x-tar]...
/ [0 files][    0.0 B/ 16.8 KiB]                                                / [1 files][ 16.8 KiB/ 16.8 KiB]                                                
Operation completed over 1 objects/16.8 KiB.                                     
Repository initialized...
rm -rf **labs-nos-helmboot-resources*.tgz%
make: Leaving directory `/workspace/source/charts/**labs-nos-helmboot-resources'
