
Showing logs for build [32mnuxeo-jxlabs-nos-helmboot-resou-dtx7n-7[0m stage [32mfrom-build-pack[0m and container [32mstep-credential-initializer-dzhhx[0m
{"level":"info","ts":1590086026.893626,"logger":"fallback-logger","caller":"logging/config.go:69","msg":"Fetch GitHub commit ID from kodata failed: open /var/run/ko/refs/heads/0.8.0-ns-support: no such file or directory"}
{"level":"info","ts":1590086026.894242,"logger":"fallback-logger","caller":"creds-init/main.go:40","msg":"Credentials initialized."}

Showing logs for build [32mnuxeo-jxlabs-nos-helmboot-resou-dtx7n-7[0m stage [32mfrom-build-pack[0m and container [32mstep-working-dir-initializer-7w7d7[0m
{"level":"info","ts":1590086027.2434053,"logger":"fallback-logger","caller":"logging/config.go:69","msg":"Fetch GitHub commit ID from kodata failed: open /var/run/ko/HEAD: no such file or directory"}
{"level":"info","ts":1590086027.2456865,"logger":"fallback-logger","caller":"bash/main.go:64","msg":"Successfully executed command \"sh -c mkdir -p /workspace/source\"; output "}

Showing logs for build [32mnuxeo-jxlabs-nos-helmboot-resou-dtx7n-7[0m stage [32mfrom-build-pack[0m and container [32mstep-place-tools[0m

Showing logs for build [32mnuxeo-jxlabs-nos-helmboot-resou-dtx7n-7[0m stage [32mfrom-build-pack[0m and container [32mstep-git-source-nuxeo-jxlabs-nos-helmboot-resou-dtx7n-bs2sr[0m
{"level":"info","ts":1590086033.31719,"logger":"fallback-logger","caller":"logging/config.go:69","msg":"Fetch GitHub commit ID from kodata failed: open /var/run/ko/refs/heads/0.8.0-ns-support: no such file or directory"}
{"level":"info","ts":1590086033.7180414,"logger":"fallback-logger","caller":"git/git.go:103","msg":"Successfully cloned https://github.com/nuxeo/**labs-nos-helmboot-resources.git @ v0.0.178-**labs-nos in path /workspace/source"}

Showing logs for build [32mnuxeo-jxlabs-nos-helmboot-resou-dtx7n-7[0m stage [32mfrom-build-pack[0m and container [32mstep-git-merge[0m
Using SHAs from PULL_REFS=master:1f48bdc020c140dc29377bb9565fcbe03fa25ede
WARNING: no SHAs to merge, falling back to initial cloned commit

Showing logs for build [32mnuxeo-jxlabs-nos-helmboot-resou-dtx7n-7[0m stage [32mfrom-build-pack[0m and container [32mstep-setup-jx-git-credentials[0m
Generated Git credentials file /builder/home/git/credentials

Showing logs for build [32mnuxeo-jxlabs-nos-helmboot-resou-dtx7n-7[0m stage [32mfrom-build-pack[0m and container [32mstep-build-basic-auth-username[0m
Command "credential" is deprecated, it will be removed on Jun 1 2020.  This is replaced by Tekton's mounted secrets
/builder/home/basic-auth-user.json

Showing logs for build [32mnuxeo-jxlabs-nos-helmboot-resou-dtx7n-7[0m stage [32mfrom-build-pack[0m and container [32mstep-build-basic-auth-password[0m
Command "credential" is deprecated, it will be removed on Jun 1 2020.  This is replaced by Tekton's mounted secrets
/builder/home/basic-auth-pass.json

Showing logs for build [32mnuxeo-jxlabs-nos-helmboot-resou-dtx7n-7[0m stage [32mfrom-build-pack[0m and container [32mstep-build-release[0m
make: Entering directory `/workspace/source/charts/**labs-nos-helmboot-resources'
helm init --client-only
Creating /builder/home/.helm 
Creating /builder/home/.helm/repository 
Creating /builder/home/.helm/repository/cache 
Creating /builder/home/.helm/repository/local 
Creating /builder/home/.helm/plugins 
Creating /builder/home/.helm/starters 
Creating /builder/home/.helm/cache/archive 
Creating /builder/home/.helm/repository/repositories.yaml 
Adding stable repo with URL: https://kubernetes-charts.storage.googleapis.com 
Adding local repo with URL: http://127.0.0.1:8879/charts 
$HELM_HOME has been configured at /builder/home/.helm.
Not installing Tiller due to 'client-only' flag having been set
Happy Helming!
rm -rf charts
rm -rf **labs-nos-helmboot-resources*.tgz
sed -i -e "s/version:.*/version: 0.0.178-**labs-nos/" Chart.yaml
helm dependency build
Error: no repository definition for http://chartmuseum.jenkins-x.io, http://chartmuseum.jenkins-x.io, http://chartmuseum.jenkins-x.io, http://chartmuseum.jenkins-x.io, http://chartmuseum.jenkins-x.io. Please add them via 'helm repo add'
make: Leaving directory `/workspace/source/charts/**labs-nos-helmboot-resources'
make: *** [release] Error 1
[31m
Pipeline failed on stage 'from-build-pack' : container 'step-build-release'. The execution of the pipeline has stopped.[0m
