
Showing logs for build [32mnuxeo-jxlabs-nos-helmboot-resou-rb28h-9[0m stage [32mfrom-build-pack[0m and container [32mstep-credential-initializer-wrtxw[0m
{"level":"info","ts":1591172627.331275,"logger":"fallback-logger","caller":"logging/config.go:69","msg":"Fetch GitHub commit ID from kodata failed: open /var/run/ko/refs/heads/0.8.0-ns-support: no such file or directory"}
{"level":"info","ts":1591172627.333052,"logger":"fallback-logger","caller":"creds-init/main.go:40","msg":"Credentials initialized."}

Showing logs for build [32mnuxeo-jxlabs-nos-helmboot-resou-rb28h-9[0m stage [32mfrom-build-pack[0m and container [32mstep-working-dir-initializer-fr65p[0m
{"level":"info","ts":1591172628.6482143,"logger":"fallback-logger","caller":"logging/config.go:69","msg":"Fetch GitHub commit ID from kodata failed: open /var/run/ko/HEAD: no such file or directory"}
{"level":"info","ts":1591172628.6493323,"logger":"fallback-logger","caller":"bash/main.go:64","msg":"Successfully executed command \"sh -c mkdir -p /workspace/source\"; output "}

Showing logs for build [32mnuxeo-jxlabs-nos-helmboot-resou-rb28h-9[0m stage [32mfrom-build-pack[0m and container [32mstep-place-tools[0m

Showing logs for build [32mnuxeo-jxlabs-nos-helmboot-resou-rb28h-9[0m stage [32mfrom-build-pack[0m and container [32mstep-git-source-nuxeo-jxlabs-nos-helmboot-resou-rb28h-nbjbg[0m
{"level":"info","ts":1591172633.7533503,"logger":"fallback-logger","caller":"logging/config.go:69","msg":"Fetch GitHub commit ID from kodata failed: open /var/run/ko/refs/heads/0.8.0-ns-support: no such file or directory"}
{"level":"info","ts":1591172634.1663349,"logger":"fallback-logger","caller":"git/git.go:103","msg":"Successfully cloned https://github.com/nuxeo/**labs-nos-helmboot-resources.git @ v0.0.212-**labs-nos-helm-x in path /workspace/source"}

Showing logs for build [32mnuxeo-jxlabs-nos-helmboot-resou-rb28h-9[0m stage [32mfrom-build-pack[0m and container [32mstep-git-merge[0m
Using SHAs from PULL_REFS=master:194d8f217d622563f630264c5ab4ba2f835fd7d2
WARNING: no SHAs to merge, falling back to initial cloned commit

Showing logs for build [32mnuxeo-jxlabs-nos-helmboot-resou-rb28h-9[0m stage [32mfrom-build-pack[0m and container [32mstep-setup-jx-git-credentials[0m
Generated Git credentials file /builder/home/git/credentials

Showing logs for build [32mnuxeo-jxlabs-nos-helmboot-resou-rb28h-9[0m stage [32mfrom-build-pack[0m and container [32mstep-build-basic-auth-username[0m
/builder/home/basic-auth-user.json

Showing logs for build [32mnuxeo-jxlabs-nos-helmboot-resou-rb28h-9[0m stage [32mfrom-build-pack[0m and container [32mstep-build-basic-auth-password[0m
/builder/home/basic-auth-pass.json

Showing logs for build [32mnuxeo-jxlabs-nos-helmboot-resou-rb28h-9[0m stage [32mfrom-build-pack[0m and container [32mstep-build-release[0m
make: Entering directory `/workspace/source/charts/**labs-nos-helmboot-resources'
helm init --client-only
Creating /builder/home/.helm 
Creating /builder/home/.helm/repository 
Creating /builder/home/.helm/repository/cache 
Creating /builder/home/.helm/repository/local 
Creating /builder/home/.helm/plugins 
Creating /builder/home/.helm/starters 
Creating /builder/home/.helm/cache/archive 
Creating /builder/home/.helm/repository/repositories.yaml 
Adding stable repo with URL: https://kubernetes-charts.storage.googleapis.com 
Adding local repo with URL: http://127.0.0.1:8879/charts 
$HELM_HOME has been configured at /builder/home/.helm.
Not installing Tiller due to 'client-only' flag having been set
Happy Helming!
test ! -f /builder/home/.helm/plugins/helm-gcs && helm plugin install https://github.com/hayorov/helm-gcs --version v0.3.1
Installing helm-gcs 0.3.0 ...
helm-gcs 0.3.0 is correctly installed.

Init a new repository:
  helm gcs init gs://bucket/path

Add your repository to Helm:
  helm repo add repo-name gs://bucket/path

Push a chart to your repository:
  helm gcs push chart.tar.gz repo-name

Update Helm cache:
  helm repo update

Get your chart:
  helm fetch repo-name/chart

Installed plugin: gcs
helm repo add jenkinsxio http://chartmuseum.jenkins-x.io
"jenkinsxio" has been added to your repositories
helm repo add **labs-nos gs://**labs-nos-charts
"**labs-nos" has been added to your repositories
rm -rf charts
rm -rf **labs-nos-helmboot-resources*.tgz
sed -i -e "s/version:.*/version: 0.0.212-**labs-nos-helm-x/" Chart.yaml
helm dependency build
Hang tight while we grab the latest from your chart repositories...
...Unable to get an update from the "local" chart repository (http://127.0.0.1:8879/charts):
	Get http://127.0.0.1:8879/charts/index.yaml: dial tcp 127.0.0.1:8879: connect: connection refused
...Successfully got an update from the "**labs-nos" chart repository
...Successfully got an update from the "stable" chart repository
...Successfully got an update from the "jenkinsxio" chart repository
Update Complete. ⎈Happy Helming!⎈
Saving 5 charts
Downloading ** from repo http://chartmuseum.jenkins-x.io
Downloading ** from repo http://chartmuseum.jenkins-x.io
Downloading ** from repo http://chartmuseum.jenkins-x.io
Downloading ** from repo http://chartmuseum.jenkins-x.io
Downloading ** from repo http://chartmuseum.jenkins-x.io
Deleting outdated charts
helm lint
==> Linting .
Lint OK

1 chart(s) linted, no failures
helm package .
Successfully packaged chart and saved it to: /workspace/source/charts/**labs-nos-helmboot-resources/**labs-nos-helmboot-resources-0.0.212-**labs-nos-helm-x.tgz
helm gcs push **labs-nos-helmboot-resources-0.0.212-**labs-nos-helm-x.tgz gs://**labs-nos-charts
Error: repo entry: load repo file: couldn't load repositories file (/builder/home/.config/helm/repositories.yaml): open /builder/home/.config/helm/repositories.yaml: no such file or directory
repo entry: load repo file: couldn't load repositories file (/builder/home/.config/helm/repositories.yaml): open /builder/home/.config/helm/repositories.yaml: no such file or directory
Usage:
  helm-gcs push [chart.tar.gz] [repository] [flags]

Flags:
      --force              upload the chart even if already indexed
  -h, --help               help for push
      --public             expose HTTP URL instead of default gs:// for public buckets
      --publicUrl string   used with --public to overwrite google storage default url
      --retry              retry if the index changed

Global Flags:
      --debug                    activate debug
      --service-account string   service account to use for GCS

Error: plugin "gcs" exited with error
make: Leaving directory `/workspace/source/charts/**labs-nos-helmboot-resources'
make: *** [release] Error 1
[31m
Pipeline failed on stage 'from-build-pack' : container 'step-build-release'. The execution of the pipeline has stopped.[0m
